This is pdfTeX, Version 3.141592653-2.6-1.40.25 (MiKTeX 24.1) (preloaded format=pdflatex 2025.3.1)  1 MAR 2025 18:41
entering extended mode
 restricted \write18 enabled.
 %&-line parsing enabled.
**./Informe.tex
(Informe.tex
LaTeX2e <2023-11-01> patch level 1
L3 programming layer <2024-01-04>
(C:\Users\Usuario\AppData\Local\Programs\MiKTeX\tex/latex/base\article.cls
Document Class: article 2023/05/17 v1.4n Standard LaTeX document class
(C:\Users\Usuario\AppData\Local\Programs\MiKTeX\tex/latex/base\size11.clo
File: size11.clo 2023/05/17 v1.4n Standard LaTeX file (size option)
)
\c@part=\count187
\c@section=\count188
\c@subsection=\count189
\c@subsubsection=\count190
\c@paragraph=\count191
\c@subparagraph=\count192
\c@figure=\count193
\c@table=\count194
\abovecaptionskip=\skip48
\belowcaptionskip=\skip49
\bibindent=\dimen140
)
(configuraciones/preambulo.tex
(C:\Users\Usuario\AppData\Local\Programs\MiKTeX\tex/generic/babel\babel.sty
Package: babel 2024/01/07 v24.1 The Babel package
\babel@savecnt=\count195
\U@D=\dimen141
\l@unhyphenated=\language79

(C:\Users\Usuario\AppData\Local\Programs\MiKTeX\tex/generic/babel\txtbabel.def)
\bbl@readstream=\read2
\bbl@dirlevel=\count196
*************************************
* Local config file bblopts.cfg used
*
(C:\Users\Usuario\AppData\Local\Programs\MiKTeX\tex/latex/arabi\bblopts.cfg
File: bblopts.cfg 2005/09/08 v0.1 add Arabic and Farsi to "declared" options of
 babel
)
(C:\Users\Usuario\AppData\Local\Programs\MiKTeX\tex/latex/babel-spanish\spanish
.ldf
Language: spanish.ldf 2021/05/27 v5.0q Spanish support from the babel system
\es@quottoks=\toks17
\es@quotdepth=\count197
))
(C:\Users\Usuario\AppData\Local\Programs\MiKTeX\tex/generic/babel/locale/es\bab
el-spanish.tex
Package babel Info: Importing font and identification data for spanish
(babel)             from babel-es.ini. Reported on input line 11.
)
(C:\Users\Usuario\AppData\Local\Programs\MiKTeX\tex/latex/base\inputenc.sty
Package: inputenc 2021/02/14 v1.3d Input encoding file
\inpenc@prehook=\toks18
\inpenc@posthook=\toks19
)
(C:\Users\Usuario\AppData\Local\Programs\MiKTeX\tex/latex/mathtools\mathtools.s
ty
Package: mathtools 2024/10/04 v1.31 mathematical typesetting tools

(C:\Users\Usuario\AppData\Local\Programs\MiKTeX\tex/latex/graphics\keyval.sty
Package: keyval 2022/05/29 v1.15 key=value parser (DPC)
\KV@toks@=\toks20
)
(C:\Users\Usuario\AppData\Local\Programs\MiKTeX\tex/latex/tools\calc.sty
Package: calc 2023/07/08 v4.3 Infix arithmetic (KKT,FJ)
\calc@Acount=\count198
\calc@Bcount=\count199
\calc@Adimen=\dimen142
\calc@Bdimen=\dimen143
\calc@Askip=\skip50
\calc@Bskip=\skip51
LaTeX Info: Redefining \setlength on input line 80.
LaTeX Info: Redefining \addtolength on input line 81.
\calc@Ccount=\count266
\calc@Cskip=\skip52
)
(C:\Users\Usuario\AppData\Local\Programs\MiKTeX\tex/latex/mathtools\mhsetup.sty
Package: mhsetup 2021/03/18 v1.4 programming setup (MH)
) (C:\Users\Usuario\AppData\Local\Programs\MiKTeX\tex/latex/amsmath\amsmath.sty
Package: amsmath 2023/05/13 v2.17o AMS math features
\@mathmargin=\skip53
For additional information on amsmath, use the `?' option.
(C:\Users\Usuario\AppData\Local\Programs\MiKTeX\tex/latex/amsmath\amstext.sty
Package: amstext 2021/08/26 v2.01 AMS text

(C:\Users\Usuario\AppData\Local\Programs\MiKTeX\tex/latex/amsmath\amsgen.sty
File: amsgen.sty 1999/11/30 v2.0 generic functions
\@emptytoks=\toks21
\ex@=\dimen144
))
(C:\Users\Usuario\AppData\Local\Programs\MiKTeX\tex/latex/amsmath\amsbsy.sty
Package: amsbsy 1999/11/29 v1.2d Bold Symbols
\pmbraise@=\dimen145
)
(C:\Users\Usuario\AppData\Local\Programs\MiKTeX\tex/latex/amsmath\amsopn.sty
Package: amsopn 2022/04/08 v2.04 operator names
)
\inf@bad=\count267
LaTeX Info: Redefining \frac on input line 234.
\uproot@=\count268
\leftroot@=\count269
LaTeX Info: Redefining \overline on input line 399.
LaTeX Info: Redefining \colon on input line 410.
\classnum@=\count270
\DOTSCASE@=\count271
LaTeX Info: Redefining \ldots on input line 496.
LaTeX Info: Redefining \dots on input line 499.
LaTeX Info: Redefining \cdots on input line 620.
\Mathstrutbox@=\box51
\strutbox@=\box52
LaTeX Info: Redefining \big on input line 722.
LaTeX Info: Redefining \Big on input line 723.
LaTeX Info: Redefining \bigg on input line 724.
LaTeX Info: Redefining \Bigg on input line 725.
\big@size=\dimen146
LaTeX Font Info:    Redeclaring font encoding OML on input line 743.
LaTeX Font Info:    Redeclaring font encoding OMS on input line 744.
\macc@depth=\count272
LaTeX Info: Redefining \bmod on input line 905.
LaTeX Info: Redefining \pmod on input line 910.
LaTeX Info: Redefining \smash on input line 940.
LaTeX Info: Redefining \relbar on input line 970.
LaTeX Info: Redefining \Relbar on input line 971.
\c@MaxMatrixCols=\count273
\dotsspace@=\muskip16
\c@parentequation=\count274
\dspbrk@lvl=\count275
\tag@help=\toks22
\row@=\count276
\column@=\count277
\maxfields@=\count278
\andhelp@=\toks23
\eqnshift@=\dimen147
\alignsep@=\dimen148
\tagshift@=\dimen149
\tagwidth@=\dimen150
\totwidth@=\dimen151
\lineht@=\dimen152
\@envbody=\toks24
\multlinegap=\skip54
\multlinetaggap=\skip55
\mathdisplay@stack=\toks25
LaTeX Info: Redefining \[ on input line 2953.
LaTeX Info: Redefining \] on input line 2954.
)
\g_MT_multlinerow_int=\count279
\l_MT_multwidth_dim=\dimen153
\origjot=\skip56
\l_MT_shortvdotswithinadjustabove_dim=\dimen154
\l_MT_shortvdotswithinadjustbelow_dim=\dimen155
\l_MT_above_intertext_sep=\dimen156
\l_MT_below_intertext_sep=\dimen157
\l_MT_above_shortintertext_sep=\dimen158
\l_MT_below_shortintertext_sep=\dimen159
\xmathstrut@box=\box53
\xmathstrut@dim=\dimen160
)
(C:\Users\Usuario\AppData\Local\Programs\MiKTeX\tex/latex/graphics\graphicx.sty
Package: graphicx 2021/09/16 v1.2d Enhanced LaTeX Graphics (DPC,SPQR)

(C:\Users\Usuario\AppData\Local\Programs\MiKTeX\tex/latex/graphics\graphics.sty
Package: graphics 2022/03/10 v1.4e Standard LaTeX Graphics (DPC,SPQR)
(C:\Users\Usuario\AppData\Local\Programs\MiKTeX\tex/latex/graphics\trig.sty
Package: trig 2021/08/11 v1.11 sin cos tan (DPC)
)
(C:\Users\Usuario\AppData\Local\Programs\MiKTeX\tex/latex/graphics-cfg\graphics
.cfg
File: graphics.cfg 2016/06/04 v1.11 sample graphics configuration
)
Package graphics Info: Driver file: pdftex.def on input line 107.

(C:\Users\Usuario\AppData\Local\Programs\MiKTeX\tex/latex/graphics-def\pdftex.d
ef
File: pdftex.def 2022/09/22 v1.2b Graphics/color driver for pdftex
))
\Gin@req@height=\dimen161
\Gin@req@width=\dimen162
)
(C:\Users\Usuario\AppData\Local\Programs\MiKTeX\tex/latex/xcolor\xcolor.sty
Package: xcolor 2023/11/15 v3.01 LaTeX color extensions (UK)

(C:\Users\Usuario\AppData\Local\Programs\MiKTeX\tex/latex/graphics-cfg\color.cf
g
File: color.cfg 2016/01/02 v1.6 sample color configuration
)
Package xcolor Info: Driver file: pdftex.def on input line 274.

(C:\Users\Usuario\AppData\Local\Programs\MiKTeX\tex/latex/graphics\mathcolor.lt
x)
Package xcolor Info: Model `cmy' substituted by `cmy0' on input line 1350.
Package xcolor Info: Model `hsb' substituted by `rgb' on input line 1354.
Package xcolor Info: Model `RGB' extended on input line 1366.
Package xcolor Info: Model `HTML' substituted by `rgb' on input line 1368.
Package xcolor Info: Model `Hsb' substituted by `hsb' on input line 1369.
Package xcolor Info: Model `tHsb' substituted by `hsb' on input line 1370.
Package xcolor Info: Model `HSB' substituted by `hsb' on input line 1371.
Package xcolor Info: Model `Gray' substituted by `gray' on input line 1372.
Package xcolor Info: Model `wave' substituted by `hsb' on input line 1373.
)
(C:\Users\Usuario\AppData\Local\Programs\MiKTeX\tex/latex/tools\tabularx.sty
Package: tabularx 2023/07/08 v2.11c `tabularx' package (DPC)

(C:\Users\Usuario\AppData\Local\Programs\MiKTeX\tex/latex/tools\array.sty
Package: array 2023/10/16 v2.5g Tabular extension package (FMi)
\col@sep=\dimen163
\ar@mcellbox=\box54
\extrarowheight=\dimen164
\NC@list=\toks26
\extratabsurround=\skip57
\backup@length=\skip58
\ar@cellbox=\box55
)
\TX@col@width=\dimen165
\TX@old@table=\dimen166
\TX@old@col=\dimen167
\TX@target=\dimen168
\TX@delta=\dimen169
\TX@cols=\count280
\TX@ftn=\toks27
)
(C:\Users\Usuario\AppData\Local\Programs\MiKTeX\tex/latex/booktabs\booktabs.sty
Package: booktabs 2020/01/12 v1.61803398 Publication quality tables
\heavyrulewidth=\dimen170
\lightrulewidth=\dimen171
\cmidrulewidth=\dimen172
\belowrulesep=\dimen173
\belowbottomsep=\dimen174
\aboverulesep=\dimen175
\abovetopsep=\dimen176
\cmidrulesep=\dimen177
\cmidrulekern=\dimen178
\defaultaddspace=\dimen179
\@cmidla=\count281
\@cmidlb=\count282
\@aboverulesep=\dimen180
\@belowrulesep=\dimen181
\@thisruleclass=\count283
\@lastruleclass=\count284
\@thisrulewidth=\dimen182
) (C:\Users\Usuario\AppData\Local\Programs\MiKTeX\tex/latex/float\float.sty
Package: float 2001/11/08 v1.3d Float enhancements (AL)
\c@float@type=\count285
\float@exts=\toks28
\float@box=\box56
\@float@everytoks=\toks29
\@floatcapt=\box57
)
\@float@every@listado=\toks30
\c@listado=\count286

(C:\Users\Usuario\AppData\Local\Programs\MiKTeX\tex/latex/caption\caption.sty
Package: caption 2023/08/05 v3.6o Customizing captions (AR)

(C:\Users\Usuario\AppData\Local\Programs\MiKTeX\tex/latex/caption\caption3.sty
Package: caption3 2023/07/31 v2.4d caption3 kernel (AR)
\caption@tempdima=\dimen183
\captionmargin=\dimen184
\caption@leftmargin=\dimen185
\caption@rightmargin=\dimen186
\caption@width=\dimen187
\caption@indent=\dimen188
\caption@parindent=\dimen189
\caption@hangindent=\dimen190
Package caption Info: Standard document class detected.
)
\c@caption@flags=\count287
\c@continuedfloat=\count288
Package caption Info: float package is loaded.
)
(C:\Users\Usuario\AppData\Local\Programs\MiKTeX\tex/latex/enumitem\enumitem.sty
Package: enumitem 2025/02/06 v3.11 Customized lists
\labelindent=\skip59
\enit@outerparindent=\dimen191
\enit@toks=\toks31
\enit@inbox=\box58
\enit@count@id=\count289
\enitdp@description=\count290
)
(C:\Users\Usuario\AppData\Local\Programs\MiKTeX\tex/latex/hyperref\hyperref.sty
Package: hyperref 2023-11-26 v7.01g Hypertext links for LaTeX
(C:\Users\Usuario\AppData\Local\Programs\MiKTeX\tex/generic/iftex\iftex.sty
Package: iftex 2022/02/03 v1.0f TeX engine tests
)
(C:\Users\Usuario\AppData\Local\Programs\MiKTeX\tex/generic/infwarerr\infwarerr
.sty
Package: infwarerr 2019/12/03 v1.5 Providing info/warning/error messages (HO)
)
(C:\Users\Usuario\AppData\Local\Programs\MiKTeX\tex/latex/kvsetkeys\kvsetkeys.s
ty
Package: kvsetkeys 2022-10-05 v1.19 Key value parser (HO)
)
(C:\Users\Usuario\AppData\Local\Programs\MiKTeX\tex/generic/kvdefinekeys\kvdefi
nekeys.sty
Package: kvdefinekeys 2019-12-19 v1.6 Define keys (HO)
)
(C:\Users\Usuario\AppData\Local\Programs\MiKTeX\tex/generic/pdfescape\pdfescape
.sty
Package: pdfescape 2019/12/09 v1.15 Implements pdfTeX's escape features (HO)

(C:\Users\Usuario\AppData\Local\Programs\MiKTeX\tex/generic/ltxcmds\ltxcmds.sty
Package: ltxcmds 2023-12-04 v1.26 LaTeX kernel commands for general use (HO)
)
(C:\Users\Usuario\AppData\Local\Programs\MiKTeX\tex/generic/pdftexcmds\pdftexcm
ds.sty
Package: pdftexcmds 2020-06-27 v0.33 Utility functions of pdfTeX for LuaTeX (HO
)
Package pdftexcmds Info: \pdf@primitive is available.
Package pdftexcmds Info: \pdf@ifprimitive is available.
Package pdftexcmds Info: \pdfdraftmode found.
))
(C:\Users\Usuario\AppData\Local\Programs\MiKTeX\tex/latex/hycolor\hycolor.sty
Package: hycolor 2020-01-27 v1.10 Color options for hyperref/bookmark (HO)
)
(C:\Users\Usuario\AppData\Local\Programs\MiKTeX\tex/latex/letltxmacro\letltxmac
ro.sty
Package: letltxmacro 2019/12/03 v1.6 Let assignment for LaTeX macros (HO)
)
(C:\Users\Usuario\AppData\Local\Programs\MiKTeX\tex/latex/auxhook\auxhook.sty
Package: auxhook 2019-12-17 v1.6 Hooks for auxiliary files (HO)
)
(C:\Users\Usuario\AppData\Local\Programs\MiKTeX\tex/latex/hyperref\nameref.sty
Package: nameref 2023-11-26 v2.56 Cross-referencing by name of section

(C:\Users\Usuario\AppData\Local\Programs\MiKTeX\tex/latex/refcount\refcount.sty
Package: refcount 2019/12/15 v3.6 Data extraction from label references (HO)
)
(C:\Users\Usuario\AppData\Local\Programs\MiKTeX\tex/generic/gettitlestring\gett
itlestring.sty
Package: gettitlestring 2019/12/15 v1.6 Cleanup title references (HO)

(C:\Users\Usuario\AppData\Local\Programs\MiKTeX\tex/latex/kvoptions\kvoptions.s
ty
Package: kvoptions 2022-06-15 v3.15 Key value format for package options (HO)
))
\c@section@level=\count291
)
(C:\Users\Usuario\AppData\Local\Programs\MiKTeX\tex/latex/etoolbox\etoolbox.sty
Package: etoolbox 2020/10/05 v2.5k e-TeX tools for LaTeX (JAW)
\etb@tempcnta=\count292
)
\@linkdim=\dimen192
\Hy@linkcounter=\count293
\Hy@pagecounter=\count294
 (C:\Users\Usuario\AppData\Local\Programs\MiKTeX\tex/latex/hyperref\pd1enc.def
File: pd1enc.def 2023-11-26 v7.01g Hyperref: PDFDocEncoding definition (HO)
Now handling font encoding PD1 ...
... no UTF-8 mapping file for font encoding PD1
)
(C:\Users\Usuario\AppData\Local\Programs\MiKTeX\tex/generic/intcalc\intcalc.sty
Package: intcalc 2019/12/15 v1.3 Expandable calculations with integers (HO)
)
\Hy@SavedSpaceFactor=\count295
 (C:\Users\Usuario\AppData\Local\Programs\MiKTeX\tex/latex/hyperref\puenc.def
File: puenc.def 2023-11-26 v7.01g Hyperref: PDF Unicode definition (HO)
Now handling font encoding PU ...
... no UTF-8 mapping file for font encoding PU
)
Package hyperref Info: Option `colorlinks' set `true' on input line 4064.
Package hyperref Info: Hyper figures OFF on input line 4181.
Package hyperref Info: Link nesting OFF on input line 4186.
Package hyperref Info: Hyper index ON on input line 4189.
Package hyperref Info: Plain pages OFF on input line 4196.
Package hyperref Info: Backreferencing OFF on input line 4201.
Package hyperref Info: Implicit mode ON; LaTeX internals redefined.
Package hyperref Info: Bookmarks ON on input line 4448.
\c@Hy@tempcnt=\count296
(C:\Users\Usuario\AppData\Local\Programs\MiKTeX\tex/latex/url\url.sty
\Urlmuskip=\muskip17
Package: url 2013/09/16  ver 3.4  Verb mode for urls, etc.
)
LaTeX Info: Redefining \url on input line 4786.
\XeTeXLinkMargin=\dimen193

(C:\Users\Usuario\AppData\Local\Programs\MiKTeX\tex/generic/bitset\bitset.sty
Package: bitset 2019/12/09 v1.3 Handle bit-vector datatype (HO)

(C:\Users\Usuario\AppData\Local\Programs\MiKTeX\tex/generic/bigintcalc\bigintca
lc.sty
Package: bigintcalc 2019/12/15 v1.5 Expandable calculations on big integers (HO
)
))
\Fld@menulength=\count297
\Field@Width=\dimen194
\Fld@charsize=\dimen195
Package hyperref Info: Hyper figures OFF on input line 6065.
Package hyperref Info: Link nesting OFF on input line 6070.
Package hyperref Info: Hyper index ON on input line 6073.
Package hyperref Info: backreferencing OFF on input line 6080.
Package hyperref Info: Link coloring ON on input line 6083.
Package hyperref Info: Link coloring with OCG OFF on input line 6090.
Package hyperref Info: PDF/A mode OFF on input line 6095.

(C:\Users\Usuario\AppData\Local\Programs\MiKTeX\tex/latex/base\atbegshi-ltx.sty
Package: atbegshi-ltx 2021/01/10 v1.0c Emulation of the original atbegshi
package with kernel methods
)
\Hy@abspage=\count298
\c@Item=\count299
\c@Hfootnote=\count300
)
Package hyperref Info: Driver (autodetected): hpdftex.

(C:\Users\Usuario\AppData\Local\Programs\MiKTeX\tex/latex/hyperref\hpdftex.def
File: hpdftex.def 2023-11-26 v7.01g Hyperref driver for pdfTeX

(C:\Users\Usuario\AppData\Local\Programs\MiKTeX\tex/latex/base\atveryend-ltx.st
y
Package: atveryend-ltx 2020/08/19 v1.0a Emulation of the original atveryend pac
kage
with kernel methods
)
\Fld@listcount=\count301
\c@bookmark@seq@number=\count302

(C:\Users\Usuario\AppData\Local\Programs\MiKTeX\tex/latex/rerunfilecheck\rerunf
ilecheck.sty
Package: rerunfilecheck 2022-07-10 v1.10 Rerun checks for auxiliary files (HO)

(C:\Users\Usuario\AppData\Local\Programs\MiKTeX\tex/generic/uniquecounter\uniqu
ecounter.sty
Package: uniquecounter 2019/12/15 v1.4 Provide unlimited unique counter (HO)
)
Package uniquecounter Info: New unique counter `rerunfilecheck' on input line 2
85.
)
\Hy@SectionHShift=\skip60
)
(C:\Users\Usuario\AppData\Local\Programs\MiKTeX\tex/latex/geometry\geometry.sty
Package: geometry 2020/01/02 v5.9 Page Geometry
(C:\Users\Usuario\AppData\Local\Programs\MiKTeX\tex/generic/iftex\ifvtex.sty
Package: ifvtex 2019/10/25 v1.7 ifvtex legacy package. Use iftex instead.
)
\Gm@cnth=\count303
\Gm@cntv=\count304
\c@Gm@tempcnt=\count305
\Gm@bindingoffset=\dimen196
\Gm@wd@mp=\dimen197
\Gm@odd@mp=\dimen198
\Gm@even@mp=\dimen199
\Gm@layoutwidth=\dimen256
\Gm@layoutheight=\dimen257
\Gm@layouthoffset=\dimen258
\Gm@layoutvoffset=\dimen259
\Gm@dimlist=\toks32

(C:\Users\Usuario\AppData\Local\Programs\MiKTeX\tex/latex/geometry\geometry.cfg
))
(C:\Users\Usuario\AppData\Local\Programs\MiKTeX\tex/latex/siunitx\siunitx.sty
Package: siunitx 2025-02-19 v3.4.5 A comprehensive (SI) units package
\l__siunitx_number_uncert_offset_int=\count306
\l__siunitx_number_exponent_fixed_int=\count307
\l__siunitx_number_min_decimal_int=\count308
\l__siunitx_number_min_integer_int=\count309
\l__siunitx_number_round_precision_int=\count310
\l__siunitx_number_lower_threshold_int=\count311
\l__siunitx_number_upper_threshold_int=\count312
\l__siunitx_number_group_first_int=\count313
\l__siunitx_number_group_size_int=\count314
\l__siunitx_number_group_minimum_int=\count315
\l__siunitx_angle_tmp_dim=\dimen260
\l__siunitx_angle_marker_box=\box59
\l__siunitx_angle_unit_box=\box60
\l__siunitx_compound_count_int=\count316

(C:\Users\Usuario\AppData\Local\Programs\MiKTeX\tex/latex/translations\translat
ions.sty
Package: translations 2022/02/05 v1.12 internationalization of LaTeX2e packages
 (CN)
)
\l__siunitx_table_tmp_box=\box61
\l__siunitx_table_tmp_dim=\dimen261
\l__siunitx_table_column_width_dim=\dimen262
\l__siunitx_table_integer_box=\box62
\l__siunitx_table_decimal_box=\box63
\l__siunitx_table_uncert_box=\box64
\l__siunitx_table_before_box=\box65
\l__siunitx_table_after_box=\box66
\l__siunitx_table_before_dim=\dimen263
\l__siunitx_table_carry_dim=\dimen264
\l__siunitx_unit_tmp_int=\count317
\l__siunitx_unit_position_int=\count318
\l__siunitx_unit_total_int=\count319
)
(C:\Users\Usuario\AppData\Local\Programs\MiKTeX\tex/latex/fancyhdr\fancyhdr.sty
Package: fancyhdr 2025/02/07 v5.2 Extensive control of page headers and footers

\f@nch@headwidth=\skip61
\f@nch@offset@elh=\skip62
\f@nch@offset@erh=\skip63
\f@nch@offset@olh=\skip64
\f@nch@offset@orh=\skip65
\f@nch@offset@elf=\skip66
\f@nch@offset@erf=\skip67
\f@nch@offset@olf=\skip68
\f@nch@offset@orf=\skip69
\f@nch@height=\skip70
\f@nch@footalignment=\skip71
\f@nch@widthL=\skip72
\f@nch@widthC=\skip73
\f@nch@widthR=\skip74
\@temptokenb=\toks33
)
(C:\Users\Usuario\AppData\Local\Programs\MiKTeX\tex/latex/lastpage\lastpage.sty
Package: lastpage 2025/01/27 v2.1e lastpage: 2.09 or 2e? (HMM)

(C:\Users\Usuario\AppData\Local\Programs\MiKTeX\tex/latex/lastpage\lastpage2e.s
ty
Package: lastpage2e 2025/01/27 v2.1e Decide which 2e lastpage version to use (H
MM)

(C:\Users\Usuario\AppData\Local\Programs\MiKTeX\tex/latex/lastpage\lastpageclas
sic.sty
Package: lastpageclassic 2025/01/27 v2.1e Refers to last page's name (HMM; JPG)

) 
))
(C:\Users\Usuario\AppData\Local\Programs\MiKTeX\tex/latex/biblatex\biblatex.sty
Package: biblatex 2023/03/05 v3.19 programmable bibliographies (PK/MW)
(C:\Users\Usuario\AppData\Local\Programs\MiKTeX\tex/latex/logreq\logreq.sty
Package: logreq 2010/08/04 v1.0 xml request logger
\lrq@indent=\count320

(C:\Users\Usuario\AppData\Local\Programs\MiKTeX\tex/latex/logreq\logreq.def
File: logreq.def 2010/08/04 v1.0 logreq spec v1.0
))
(C:\Users\Usuario\AppData\Local\Programs\MiKTeX\tex/latex/base\ifthen.sty
Package: ifthen 2022/04/13 v1.1d Standard LaTeX ifthen package (DPC)
)
\c@tabx@nest=\count321
\c@listtotal=\count322
\c@listcount=\count323
\c@liststart=\count324
\c@liststop=\count325
\c@citecount=\count326
\c@citetotal=\count327
\c@multicitecount=\count328
\c@multicitetotal=\count329
\c@instcount=\count330
\c@maxnames=\count331
\c@minnames=\count332
\c@maxitems=\count333
\c@minitems=\count334
\c@citecounter=\count335
\c@maxcitecounter=\count336
\c@savedcitecounter=\count337
\c@uniquelist=\count338
\c@uniquename=\count339
\c@refsection=\count340
\c@refsegment=\count341
\c@maxextratitle=\count342
\c@maxextratitleyear=\count343
\c@maxextraname=\count344
\c@maxextradate=\count345
\c@maxextraalpha=\count346
\c@abbrvpenalty=\count347
\c@highnamepenalty=\count348
\c@lownamepenalty=\count349
\c@maxparens=\count350
\c@parenlevel=\count351
\blx@tempcnta=\count352
\blx@tempcntb=\count353
\blx@tempcntc=\count354
\c@blx@maxsection=\count355
\blx@maxsegment@0=\count356
\blx@notetype=\count357
\blx@parenlevel@text=\count358
\blx@parenlevel@foot=\count359
\blx@sectionciteorder@0=\count360
\blx@sectionciteorderinternal@0=\count361
\blx@entrysetcounter=\count362
\blx@biblioinstance=\count363
\labelnumberwidth=\skip75
\labelalphawidth=\skip76
\biblabelsep=\skip77
\bibitemsep=\skip78
\bibnamesep=\skip79
\bibinitsep=\skip80
\bibparsep=\skip81
\bibhang=\skip82
\blx@bcfin=\read3
\blx@bcfout=\write3
\blx@langwohyphens=\language80
\c@mincomprange=\count364
\c@maxcomprange=\count365
\c@mincompwidth=\count366
Package biblatex Info: Trying to load biblatex default data model...
Package biblatex Info: ... file 'blx-dm.def' found.

(C:\Users\Usuario\AppData\Local\Programs\MiKTeX\tex/latex/biblatex\blx-dm.def
File: blx-dm.def 2023/03/05 v3.19 biblatex localization (PK/MW)
)
Package biblatex Info: Trying to load biblatex style data model...
Package biblatex Info: ... file 'apa.dbx' found.

(C:\Users\Usuario\AppData\Local\Programs\MiKTeX\tex/latex/biblatex-apa\apa.dbx
File: apa.dbx 2023/03/20 v9.17 APA biblatex style data model
)
Package biblatex Info: Trying to load biblatex custom data model...
Package biblatex Info: ... file 'biblatex-dm.cfg' not found.
\c@afterword=\count367
\c@savedafterword=\count368
\c@annotator=\count369
\c@savedannotator=\count370
\c@author=\count371
\c@savedauthor=\count372
\c@bookauthor=\count373
\c@savedbookauthor=\count374
\c@commentator=\count375
\c@savedcommentator=\count376
\c@editor=\count377
\c@savededitor=\count378
\c@editora=\count379
\c@savededitora=\count380
\c@editorb=\count381
\c@savededitorb=\count382
\c@editorc=\count383
\c@savededitorc=\count384
\c@foreword=\count385
\c@savedforeword=\count386
\c@holder=\count387
\c@savedholder=\count388
\c@introduction=\count389
\c@savedintroduction=\count390
\c@namea=\count391
\c@savednamea=\count392
\c@nameb=\count393
\c@savednameb=\count394
\c@namec=\count395
\c@savednamec=\count396
\c@translator=\count397
\c@savedtranslator=\count398
\c@shortauthor=\count399
\c@savedshortauthor=\count400
\c@shorteditor=\count401
\c@savedshorteditor=\count402
\c@narrator=\count403
\c@savednarrator=\count404
\c@execproducer=\count405
\c@savedexecproducer=\count406
\c@execdirector=\count407
\c@savedexecdirector=\count408
\c@with=\count409
\c@savedwith=\count410
\c@labelname=\count411
\c@savedlabelname=\count412
\c@institution=\count413
\c@savedinstitution=\count414
\c@lista=\count415
\c@savedlista=\count416
\c@listb=\count417
\c@savedlistb=\count418
\c@listc=\count419
\c@savedlistc=\count420
\c@listd=\count421
\c@savedlistd=\count422
\c@liste=\count423
\c@savedliste=\count424
\c@listf=\count425
\c@savedlistf=\count426
\c@location=\count427
\c@savedlocation=\count428
\c@organization=\count429
\c@savedorganization=\count430
\c@origlocation=\count431
\c@savedoriglocation=\count432
\c@origpublisher=\count433
\c@savedorigpublisher=\count434
\c@publisher=\count435
\c@savedpublisher=\count436
\c@language=\count437
\c@savedlanguage=\count438
\c@origlanguage=\count439
\c@savedoriglanguage=\count440
\c@citation=\count441
\c@savedcitation=\count442
\c@pageref=\count443
\c@savedpageref=\count444
\shorthandwidth=\skip83
\shortjournalwidth=\skip84
\shortserieswidth=\skip85
\shorttitlewidth=\skip86
\shortauthorwidth=\skip87
\shorteditorwidth=\skip88
\locallabelnumberwidth=\skip89
\locallabelalphawidth=\skip90
\localshorthandwidth=\skip91
\localshortjournalwidth=\skip92
\localshortserieswidth=\skip93
\localshorttitlewidth=\skip94
\localshortauthorwidth=\skip95
\localshorteditorwidth=\skip96
Package biblatex Info: Trying to load compatibility code...
Package biblatex Info: ... file 'blx-compat.def' found.

(C:\Users\Usuario\AppData\Local\Programs\MiKTeX\tex/latex/biblatex\blx-compat.d
ef
File: blx-compat.def 2023/03/05 v3.19 biblatex compatibility (PK/MW)
)
Package biblatex Info: Trying to load generic definitions...
Package biblatex Info: ... file 'biblatex.def' found.

(C:\Users\Usuario\AppData\Local\Programs\MiKTeX\tex/latex/biblatex\biblatex.def
File: biblatex.def 2023/03/05 v3.19 biblatex compatibility (PK/MW)
\c@textcitecount=\count445
\c@textcitetotal=\count446
\c@textcitemaxnames=\count447
\c@biburlbigbreakpenalty=\count448
\c@biburlbreakpenalty=\count449
\c@biburlnumpenalty=\count450
\c@biburlucpenalty=\count451
\c@biburllcpenalty=\count452
\biburlbigskip=\muskip18
\biburlnumskip=\muskip19
\biburlucskip=\muskip20
\biburllcskip=\muskip21
\c@smartand=\count453
)
Package biblatex Info: Trying to load bibliography style 'apa'...
Package biblatex Info: ... file 'apa.bbx' found.

(C:\Users\Usuario\AppData\Local\Programs\MiKTeX\tex/latex/biblatex-apa\apa.bbx
File: apa.bbx 2023/03/20 v9.17 APA biblatex references style
Package biblatex Info: Trying to load bibliography style 'standard'...
Package biblatex Info: ... file 'standard.bbx' found.

(C:\Users\Usuario\AppData\Local\Programs\MiKTeX\tex/latex/biblatex/bbx\standard
.bbx
File: standard.bbx 2023/03/05 v3.19 biblatex bibliography style (PK/MW)
\c@bbx:relatedcount=\count454
\c@bbx:relatedtotal=\count455
)
Package biblatex Info: Delimiter 'nameyeardelim' in context 'bib' already defin
ed, overwriting.
Package biblatex Info: Delimiter 'nameyeardelim' in context 'biblist' already d
efined, overwriting.
Package biblatex Info: Delimiter 'nonameyeardelim' in context 'bib' already def
ined, overwriting.
Package biblatex Info: Delimiter 'nonameyeardelim' in context 'biblist' already
 defined, overwriting.
)
Package biblatex Info: Trying to load citation style 'apa'...
Package biblatex Info: ... file 'apa.cbx' found.

(C:\Users\Usuario\AppData\Local\Programs\MiKTeX\tex/latex/biblatex-apa\apa.cbx
File: apa.cbx 2023/03/20 v9.17 APA biblatex citation style
Package biblatex Info: Delimiter 'nameyeardelim' in context '' already defined,
 overwriting.
Package biblatex Info: Delimiter 'andothersdelim' in context '' already defined
, overwriting.
Package biblatex Info: Redefining '\fullcite'.
Package biblatex Info: Redefining '\citeauthor'.
Package biblatex Info: Redefining '\citeyear'.
Package biblatex Info: Redefining '\cite'.
Package biblatex Info: Redefining '\cites'.
Package biblatex Info: Redefining '\parencite'.
Package biblatex Info: Redefining '\parencites'.
Package biblatex Info: Redefining '\footcite'.
Package biblatex Info: Redefining '\footcites'.
Package biblatex Info: Redefining '\footcitetext'.
Package biblatex Info: Redefining '\footcitetexts'.
Package biblatex Info: Redefining '\smartcite'.
Package biblatex Info: Redefining '\smartcites'.
Package biblatex Info: Redefining '\textcite'.
Package biblatex Info: Redefining '\textcites'.
)
Package biblatex Info: Trying to load configuration file...
Package biblatex Info: ... file 'biblatex.cfg' found.

(C:\Users\Usuario\AppData\Local\Programs\MiKTeX\tex/latex/biblatex\biblatex.cfg
File: biblatex.cfg 
)
Package biblatex Info: Input encoding 'utf8' detected.
Package biblatex Info: Document encoding is UTF8 ....
 (C:\Users\Usuario\AppData\Local\Programs\MiKTeX\tex/latex/l3kernel\expl3.sty
Package: expl3 2024-01-04 L3 programming layer (loader) 

(C:\Users\Usuario\AppData\Local\Programs\MiKTeX\tex/latex/l3backend\l3backend-p
dftex.def
File: l3backend-pdftex.def 2024-01-04 L3 backend support: PDF output (pdfTeX)
\l__color_backend_stack_int=\count456
\l__pdf_internal_box=\box67
))
Package biblatex Info: ... and expl3
(biblatex)             2024-01-04 L3 programming layer (loader) 
(biblatex)             is new enough (at least 2020/04/06),
(biblatex)             setting 'casechanger=expl3'.

(C:\Users\Usuario\AppData\Local\Programs\MiKTeX\tex/latex/biblatex\blx-case-exp
l3.sty
(C:\Users\Usuario\AppData\Local\Programs\MiKTeX\tex/latex/l3packages/xparse\xpa
rse.sty
Package: xparse 2023-10-10 L3 Experimental document command parser
)
Package: blx-case-expl3 2023/03/05 v3.19 expl3 case changing code for biblatex
))
(C:\Users\Usuario\AppData\Local\Programs\MiKTeX\tex/latex/csquotes\csquotes.sty
Package: csquotes 2024-04-04 v5.2o context-sensitive quotations (JAW)
\csq@reset=\count457
\csq@gtype=\count458
\csq@glevel=\count459
\csq@qlevel=\count460
\csq@maxlvl=\count461
\csq@tshold=\count462
\csq@ltx@everypar=\toks34

(C:\Users\Usuario\AppData\Local\Programs\MiKTeX\tex/latex/csquotes\csquotes.def
File: csquotes.def 2024-04-04 v5.2o csquotes generic definitions (JAW)
)
Package csquotes Info: Trying to load configuration file 'csquotes.cfg'...
Package csquotes Info: ... configuration file loaded successfully.

(C:\Users\Usuario\AppData\Local\Programs\MiKTeX\tex/latex/csquotes\csquotes.cfg
File: csquotes.cfg 
))
(C:\Users\Usuario\AppData\Local\Programs\MiKTeX\tex/latex/xifthen\xifthen.sty
Package: xifthen 2015/11/05 v1.4.0 Extended ifthen features

(C:\Users\Usuario\AppData\Local\Programs\MiKTeX\tex/latex/ifmtarg\ifmtarg.sty
Package: ifmtarg 2018/04/16 v1.2b check for an empty argument
)) (C:\Users\Usuario\AppData\Local\Programs\MiKTeX\tex/latex/tools\xspace.sty
Package: xspace 2014/10/28 v1.13 Space after command names (DPC,MH)
))
(configuraciones/preambulo_listings.tex
(C:\Users\Usuario\AppData\Local\Programs\MiKTeX\tex/latex/listings\listings.sty
\lst@mode=\count463
\lst@gtempboxa=\box68
\lst@token=\toks35
\lst@length=\count464
\lst@currlwidth=\dimen265
\lst@column=\count465
\lst@pos=\count466
\lst@lostspace=\dimen266
\lst@width=\dimen267
\lst@newlines=\count467
\lst@lineno=\count468
\lst@maxwidth=\dimen268
(C:\Users\Usuario\AppData\Local\Programs\MiKTeX\tex/latex/listings\lstmisc.sty
File: lstmisc.sty 2023/02/27 1.9 (Carsten Heinz)
\c@lstnumber=\count469
\lst@skipnumbers=\count470
\lst@framebox=\box69
)
(C:\Users\Usuario\AppData\Local\Programs\MiKTeX\tex/latex/listings\listings.cfg
File: listings.cfg 2023/02/27 1.9 listings configuration
))
Package: listings 2023/02/27 1.9 (Carsten Heinz)

(C:\Users\Usuario\AppData\Local\Programs\MiKTeX\tex/latex/listings\lstlang1.sty
File: lstlang1.sty 2023/02/27 1.9 listings language file
))
Package csquotes Info: Checking for multilingual support...
Package csquotes Info: ... found 'babel' package.
Package csquotes Info: Adjusting default style.
Package csquotes Info: Redefining alias 'default' -> 'spanish'.
 (Informe.aux)
\openout1 = `Informe.aux'.

LaTeX Font Info:    Checking defaults for OML/cmm/m/it on input line 47.
LaTeX Font Info:    ... okay on input line 47.
LaTeX Font Info:    Checking defaults for OMS/cmsy/m/n on input line 47.
LaTeX Font Info:    ... okay on input line 47.
LaTeX Font Info:    Checking defaults for OT1/cmr/m/n on input line 47.
LaTeX Font Info:    ... okay on input line 47.
LaTeX Font Info:    Checking defaults for T1/cmr/m/n on input line 47.
LaTeX Font Info:    ... okay on input line 47.
LaTeX Font Info:    Checking defaults for TS1/cmr/m/n on input line 47.
LaTeX Font Info:    ... okay on input line 47.
LaTeX Font Info:    Checking defaults for OMX/cmex/m/n on input line 47.
LaTeX Font Info:    ... okay on input line 47.
LaTeX Font Info:    Checking defaults for U/cmr/m/n on input line 47.
LaTeX Font Info:    ... okay on input line 47.
LaTeX Font Info:    Checking defaults for PD1/pdf/m/n on input line 47.
LaTeX Font Info:    ... okay on input line 47.
LaTeX Font Info:    Checking defaults for PU/pdf/m/n on input line 47.
LaTeX Font Info:    ... okay on input line 47.

(C:\Users\Usuario\AppData\Local\Programs\MiKTeX\tex/context/base/mkii\supp-pdf.
mkii
[Loading MPS to PDF converter (version 2006.09.02).]
\scratchcounter=\count471
\scratchdimen=\dimen269
\scratchbox=\box70
\nofMPsegments=\count472
\nofMParguments=\count473
\everyMPshowfont=\toks36
\MPscratchCnt=\count474
\MPscratchDim=\dimen270
\MPnumerator=\count475
\makeMPintoPDFobject=\count476
\everyMPtoPDFconversion=\toks37
)
(C:\Users\Usuario\AppData\Local\Programs\MiKTeX\tex/latex/epstopdf-pkg\epstopdf
-base.sty
Package: epstopdf-base 2020-01-24 v2.11 Base part for package epstopdf
Package epstopdf-base Info: Redefining graphics rule for `.eps' on input line 4
85.

(C:\Users\Usuario\AppData\Local\Programs\MiKTeX\tex/latex/00miktex\epstopdf-sys
.cfg
File: epstopdf-sys.cfg 2021/03/18 v2.0 Configuration of epstopdf for MiKTeX
))
Package caption Info: Begin \AtBeginDocument code.
Package caption Info: hyperref package is loaded.
Package caption Info: listings package is loaded.
Package caption Info: End \AtBeginDocument code.
Package hyperref Info: Link coloring ON on input line 47.
 (Informe.out) (Informe.out)
\@outlinefile=\write4
\openout4 = `Informe.out'.


*geometry* driver: auto-detecting
*geometry* detected driver: pdftex
*geometry* verbose mode - [ preamble ] result:
* driver: pdftex
* paper: a4paper
* layout: <same size as paper>
* layoutoffset:(h,v)=(0.0pt,0.0pt)
* modes: includehead includefoot 
* h-part:(L,W,R)=(71.13188pt, 455.24411pt, 71.13188pt)
* v-part:(T,H,B)=(28.45274pt, 788.14136pt, 28.45274pt)
* \paperwidth=597.50787pt
* \paperheight=845.04684pt
* \textwidth=455.24411pt
* \textheight=705.00949pt
* \oddsidemargin=-1.1381pt
* \evensidemargin=-1.1381pt
* \topmargin=-43.81725pt
* \headheight=12.0pt
* \headsep=28.45274pt
* \topskip=11.0pt
* \footskip=42.67912pt
* \marginparwidth=59.0pt
* \marginparsep=10.0pt
* \columnsep=10.0pt
* \skip\footins=10.0pt plus 4.0pt minus 2.0pt
* \hoffset=0.0pt
* \voffset=0.0pt
* \mag=1000
* \@twocolumnfalse
* \@twosidefalse
* \@mparswitchfalse
* \@reversemarginfalse
* (1in=72.27pt=25.4mm, 1cm=28.453pt)


(C:\Users\Usuario\AppData\Local\Programs\MiKTeX\tex/latex/translations/dicts\tr
anslations-basic-dictionary-spanish.trsl
File: translations-basic-dictionary-spanish.trsl (spanish translation file `tra
nslations-basic-dictionary')
)
Package translations Info: loading dictionary `translations-basic-dictionary' f
or `spanish'. on input line 47.
Package biblatex Info: Trying to load language 'spanish' -> 'spanish-apa'...
Package biblatex Info: ... file 'spanish-apa.lbx' found.

(C:\Users\Usuario\AppData\Local\Programs\MiKTeX\tex/latex/biblatex-apa\spanish-
apa.lbx
File: spanish-apa.lbx 2023/03/20 v9.17 APA biblatex localisation
Package biblatex Info: Trying to load language 'spanish'...
Package biblatex Info: ... file 'spanish.lbx' found.

(C:\Users\Usuario\AppData\Local\Programs\MiKTeX\tex/latex/biblatex/lbx\spanish.
lbx
File: spanish.lbx 2023/03/05 v3.19 biblatex localization (PK/MW)
)
Package biblatex Info: Trying to load language 'spanish'...
Package biblatex Info: ... file 'spanish.lbx' found.

(C:\Users\Usuario\AppData\Local\Programs\MiKTeX\tex/latex/biblatex/lbx\spanish.
lbx
File: spanish.lbx 2023/03/05 v3.19 biblatex localization (PK/MW)
))
Package biblatex Info: Input encoding 'utf8' detected.
Package biblatex Info: Automatic encoding selection.
(biblatex)             Assuming data encoding 'utf8'.
\openout3 = `Informe.bcf'.

Package biblatex Info: Trying to load bibliographic data...
Package biblatex Info: ... file 'Informe.bbl' not found.

No file Informe.bbl.
Package biblatex Info: Reference section=0 on input line 47.
Package biblatex Info: Reference segment=0 on input line 47.
\c@lstlisting=\count477
(configuraciones/post_begin_document.tex
(configuraciones/referencias_cruzadas.tex)
<./logos/UPV_Campus_Alcoi.png, id=115, 659.5842pt x 290.0436pt>
File: ./logos/UPV_Campus_Alcoi.png Graphic file (type png)
<use ./logos/UPV_Campus_Alcoi.png>
Package pdftex.def Info: ./logos/UPV_Campus_Alcoi.png  used on input line 13.
(pdftex.def)             Requested size: 170.71652pt x 75.06877pt.
 [1

{C:/Users/Usuario/AppData/Local/MiKTeX/fonts/map/pdftex/pdftex.map} <./logos/UP
V_Campus_Alcoi.png>] (Informe.toc)
\tf@toc=\write5
\openout5 = `Informe.toc'.

[1] (Informe.lof)
\tf@lof=\write6
\openout6 = `Informe.lof'.

 (Informe.lot)
\tf@lot=\write7
\openout7 = `Informe.lot'.

 [2

])
Underfull \hbox (badness 10000) in paragraph at lines 95--97

 []


pdfTeX warning (ext4): destination with the same identifier (name{page.1}) has 
been already used, duplicate ignored
<to be read again> 
                   \relax 
l.105 ...elta t_{28} - t_{0} = 54.2 - 50 = 4.2s $$
                                                   [1

]
Underfull \hbox (badness 10000) in paragraph at lines 109--110

 []


Underfull \hbox (badness 10000) in paragraph at lines 146--147

 []


Underfull \hbox (badness 10000) in paragraph at lines 152--153

 []


Underfull \hbox (badness 10000) in paragraph at lines 162--163

 []


Underfull \hbox (badness 10000) in paragraph at lines 164--165

 []

[2]
Underfull \hbox (badness 10000) in paragraph at lines 171--172

 []


Underfull \hbox (badness 10000) in paragraph at lines 173--174

 []

[3] [4] [5] [6] [7] [8]
<./figuras/caracteritzaSegonOrdreZeta.pdf, id=290, 902.37125pt x 375.4025pt>
File: ./figuras/caracteritzaSegonOrdreZeta.pdf Graphic file (type pdf)
<use ./figuras/caracteritzaSegonOrdreZeta.pdf>
Package pdftex.def Info: ./figuras/caracteritzaSegonOrdreZeta.pdf  used on inpu
t line 469.
(pdftex.def)             Requested size: 455.24411pt x 189.3906pt.
<./figuras/control_PID.png, id=291, 1745.52126pt x 1258.7025pt>
File: ./figuras/control_PID.png Graphic file (type png)
<use ./figuras/control_PID.png>
Package pdftex.def Info: ./figuras/control_PID.png  used on input line 477.
(pdftex.def)             Requested size: 284.52756pt x 205.16093pt.
 [9 <./figuras/caracteritzaSegonOrdreZeta.pdf>]
<./figuras/rl_sc2.png, id=312, 2053.6725pt x 1665.22125pt>
File: ./figuras/rl_sc2.png Graphic file (type png)
<use ./figuras/rl_sc2.png>
Package pdftex.def Info: ./figuras/rl_sc2.png  used on input line 491.
(pdftex.def)             Requested size: 211.68684pt x 171.63913pt.
<./figuras/rl_c.png, id=313, 2053.6725pt x 1665.22125pt>
File: ./figuras/rl_c.png Graphic file (type png)
<use ./figuras/rl_c.png>
Package pdftex.def Info: ./figuras/rl_c.png  used on input line 497.
(pdftex.def)             Requested size: 211.68684pt x 171.63913pt.
 [10 <./figuras/control_PID.png> <./figuras/rl_sc2.png> <./figuras/rl_c.png>]
Package hyperref Info: bookmark level for unknown listado defaults to 0 on inpu
t line 594.


LaTeX Warning: Citation 'aastrom1973self' on page 11 undefined on input line 62
0.

LaTeX Font Info:    Trying to load font information for OML+cmr on input line 6
20.
(C:\Users\Usuario\AppData\Local\Programs\MiKTeX\tex/latex/base\omlcmr.fd
File: omlcmr.fd 2023/04/13 v2.5m Standard LaTeX font definitions
)
LaTeX Font Info:    Font shape `OML/cmr/bx/n' in size <10.95> not available
(Font)              Font shape `OML/cmm/b/it' tried instead on input line 620.


LaTeX Warning: Citation '' on page 11 undefined on input line 620.


LaTeX Warning: Citation 'ogata1996' on page 11 undefined on input line 620.


LaTeX Warning: Citation '' on page 11 undefined on input line 620.


LaTeX Warning: Citation 'phillips1995' on page 11 undefined on input line 620.


LaTeX Warning: Reference `sec:bibliografia' on page 11 undefined on input line 
623.


LaTeX Warning: Empty bibliography on input line 631.


AED: lastpage setting LastPage
[11] [12] (Informe.aux)
 ***********
LaTeX2e <2023-11-01> patch level 1
L3 programming layer <2024-01-04>
 ***********


LaTeX Warning: There were undefined references.

Package rerunfilecheck Info: File `Informe.out' has not changed.
(rerunfilecheck)             Checksum: 6A842BFBEC2FCEA1C63DA6EFCB683BAC;4303.

Package biblatex Warning: Please (re)run Biber on the file:
(biblatex)                Informe
(biblatex)                and rerun LaTeX afterwards.

Package logreq Info: Writing requests to 'Informe.run.xml'.
\openout1 = `Informe.run.xml'.

 ) 
Here is how much of TeX's memory you used:
 29134 strings out of 474485
 560783 string characters out of 5742791
 1951542 words of memory out of 5000000
 50981 multiletter control sequences out of 15000+600000
 569339 words of font info for 75 fonts, out of 8000000 for 9000
 1141 hyphenation exceptions out of 8191
 80i,13n,84p,1154b,2811s stack positions out of 10000i,1000n,20000p,200000b,200000s
 <C:\Users\Usuario\AppData\Local\MiKTeX\fonts/pk/ljfour/jknappen/ec/dpi600\tc
rm1095.pk><C:/Users/Usuario/AppData/Local/Programs/MiKTeX/fonts/type1/public/am
sfonts/cm/cmbx10.pfb><C:/Users/Usuario/AppData/Local/Programs/MiKTeX/fonts/type
1/public/amsfonts/cm/cmbx12.pfb><C:/Users/Usuario/AppData/Local/Programs/MiKTeX
/fonts/type1/public/amsfonts/cm/cmbx9.pfb><C:/Users/Usuario/AppData/Local/Progr
ams/MiKTeX/fonts/type1/public/amsfonts/cm/cmbxti10.pfb><C:/Users/Usuario/AppDat
a/Local/Programs/MiKTeX/fonts/type1/public/amsfonts/cm/cmex10.pfb><C:/Users/Usu
ario/AppData/Local/Programs/MiKTeX/fonts/type1/public/amsfonts/cm/cmmi10.pfb><C
:/Users/Usuario/AppData/Local/Programs/MiKTeX/fonts/type1/public/amsfonts/cm/cm
mi12.pfb><C:/Users/Usuario/AppData/Local/Programs/MiKTeX/fonts/type1/public/ams
fonts/cm/cmmi8.pfb><C:/Users/Usuario/AppData/Local/Programs/MiKTeX/fonts/type1/
public/amsfonts/cm/cmmi9.pfb><C:/Users/Usuario/AppData/Local/Programs/MiKTeX/fo
nts/type1/public/amsfonts/cm/cmmib10.pfb><C:/Users/Usuario/AppData/Local/Progra
ms/MiKTeX/fonts/type1/public/amsfonts/cm/cmr10.pfb><C:/Users/Usuario/AppData/Lo
cal/Programs/MiKTeX/fonts/type1/public/amsfonts/cm/cmr12.pfb><C:/Users/Usuario/
AppData/Local/Programs/MiKTeX/fonts/type1/public/amsfonts/cm/cmr6.pfb><C:/Users
/Usuario/AppData/Local/Programs/MiKTeX/fonts/type1/public/amsfonts/cm/cmr8.pfb>
<C:/Users/Usuario/AppData/Local/Programs/MiKTeX/fonts/type1/public/amsfonts/cm/
cmr9.pfb><C:/Users/Usuario/AppData/Local/Programs/MiKTeX/fonts/type1/public/ams
fonts/cm/cmss9.pfb><C:/Users/Usuario/AppData/Local/Programs/MiKTeX/fonts/type1/
public/amsfonts/cm/cmsy10.pfb><C:/Users/Usuario/AppData/Local/Programs/MiKTeX/f
onts/type1/public/amsfonts/cm/cmsy6.pfb><C:/Users/Usuario/AppData/Local/Program
s/MiKTeX/fonts/type1/public/amsfonts/cm/cmsy8.pfb><C:/Users/Usuario/AppData/Loc
al/Programs/MiKTeX/fonts/type1/public/amsfonts/cm/cmti10.pfb><C:/Users/Usuario/
AppData/Local/Programs/MiKTeX/fonts/type1/public/amsfonts/cm/cmtt10.pfb><C:/Use
rs/Usuario/AppData/Local/Programs/MiKTeX/fonts/type1/public/amsfonts/cm/cmtt9.p
fb>
Output written on Informe.pdf (15 pages, 1314881 bytes).
PDF statistics:
 474 PDF objects out of 1000 (max. 8388607)
 122 named destinations out of 1000 (max. 500000)
 250 words of extra memory for PDF output out of 10000 (max. 10000000)

